Using pre-set license

 COMMAND LINE ARGUMENTS:
/Applications/Unity/Hub/Editor/2020.2.7f1/Unity/Unity.app/Contents/MacOS/Unity
-adb2
-batchMode
-noUpm
-name
AssetImportWorker0
-projectPath
/Users/tsubasa/Desktop/Projects/OutOfGanchu
-logFile
Logs/AssetImportWorker0.log
-srvPort
53538
Successfully changed project path to: /Users/tsubasa/Desktop/Projects/OutOfGanchu
/Users/tsubasa/Desktop/Projects/OutOfGanchu
Using Asset Import Pipeline V2.
Refreshing native plugins compatible for Editor in 71.28 ms, found 1 plugins.
Preloading 0 native plugins for Editor in 0.00 ms.
Initialize engine version: 2020.2.7f1 (c53830e277f1)
[Subsystems] Discovering subsystems at path /Applications/Unity/Hub/Editor/2020.2.7f1/Unity/Unity.app/Contents/Resources/UnitySubsystems
[Subsystems] Discovering subsystems at path /Users/tsubasa/Desktop/Projects/OutOfGanchu/Assets
GfxDevice: creating device client; threaded=0
2021-12-19 09:47:49.356 Unity[10936:424677] Color LCD preferred device: Intel(R) Iris(TM) Plus Graphics 640 (low power)
2021-12-19 09:47:49.356 Unity[10936:424677] Metal devices available: 1
2021-12-19 09:47:49.356 Unity[10936:424677] 0: Intel(R) Iris(TM) Plus Graphics 640 (low power)
2021-12-19 09:47:49.356 Unity[10936:424677] Using device Intel(R) Iris(TM) Plus Graphics 640 (low power)
Initializing Metal device caps: Intel(R) Iris(TM) Plus Graphics 640
Initialize mono
Mono path[0] = '/Applications/Unity/Hub/Editor/2020.2.7f1/Unity/Unity.app/Contents/Managed'
Mono path[1] = '/Applications/Unity/Hub/Editor/2020.2.7f1/Unity/Unity.app/Contents/MonoBleedingEdge/lib/mono/unityjit'
Mono config path = '/Applications/Unity/Hub/Editor/2020.2.7f1/Unity/Unity.app/Contents/MonoBleedingEdge/etc'
Using monoOptions --debugger-agent=transport=dt_socket,embedding=1,server=y,suspend=n,address=127.0.0.1:56936
Begin MonoManager ReloadAssembly
Registering precompiled unity dll's ...
Register platform support module: /Applications/Unity/Hub/Editor/2020.2.7f1/Unity/Unity.app/Contents/PlaybackEngines/MacStandaloneSupport/UnityEditor.OSXStandalone.Extensions.dll
Registered in 0.015375 seconds.
Native extension for OSXStandalone target not found
Refreshing native plugins compatible for Editor in 46.68 ms, found 1 plugins.
Preloading 0 native plugins for Editor in 0.00 ms.
Invoked RoslynAnalysisRunner static constructor.
RoslynAnalysisRunner will not be running.
RoslynAnalysisRunner has terminated.
Mono: successfully reloaded assembly
- Completed reload, in  1.784 seconds
Platform modules already initialized, skipping
Registering precompiled user dll's ...
Registered in 0.005640 seconds.
Begin MonoManager ReloadAssembly
Native extension for OSXStandalone target not found
Refreshing native plugins compatible for Editor in 0.67 ms, found 1 plugins.
Preloading 0 native plugins for Editor in 0.00 ms.
Invoked RoslynAnalysisRunner static constructor.
RoslynAnalysisRunner will not be running.
RoslynAnalysisRunner has terminated.
Mono: successfully reloaded assembly
- Completed reload, in  1.418 seconds
Platform modules already initialized, skipping
========================================================================
Worker process is ready to serve import requests
Launching external process: /Applications/Unity/Hub/Editor/2020.2.7f1/Unity/Unity.app/Contents/Tools/UnityShaderCompiler
Launched and connected shader compiler UnityShaderCompiler after 0.02 seconds
Refreshing native plugins compatible for Editor in 0.89 ms, found 1 plugins.
Preloading 0 native plugins for Editor in 0.00 ms.
Unloading 1840 Unused Serialized files (Serialized files now loaded: 0)
System memory in use before: 159.1 MB.
System memory in use after: 158.7 MB.

Unloading 100 unused Assets to reduce memory usage. Loaded Objects now: 2271.
Total: 3.491128 ms (FindLiveObjects: 0.348694 ms CreateObjectMapping: 0.190327 ms MarkObjects: 2.248271 ms  DeleteObjects: 0.702003 ms)

========================================================================
Received Import Request.
  path: Assets/Scenes/Title 1.unity
  artifactKey: Guid(3de8f8c564b704631885561b6970b201) Importer(815301076,1909f56bfc062723c751e8b465ee728b)
Start importing Assets/Scenes/Title 1.unity using Guid(3de8f8c564b704631885561b6970b201) Importer(815301076,1909f56bfc062723c751e8b465ee728b)  -> (artifact id: '3fa15809bfaa752d12f2d944c1c4fd39') in 0.005488 seconds
  Import took 0.009768 seconds .

